<?xml version="1.0" encoding="UTF-8"?>
<coverage generated="1507728394276" clover="3.2.0">
  <project timestamp="1507728394277" name="All files">
    <metrics statements="48" coveredstatements="48" conditionals="44" coveredconditionals="38" methods="9" coveredmethods="9" elements="101" coveredelements="95" complexity="0" loc="48" ncloc="48" packages="1" files="2" classes="2">
      <file name="Tag.js" path="/Users/joe.fusco/Projects/Personal/react-tagging-input/src/component/js/Tag.js">
        <metrics statements="6" coveredstatements="6" conditionals="4" coveredconditionals="4" methods="2" coveredmethods="2"/>
        <line num="5" count="2" type="stmt"/>
        <line num="6" count="56" type="stmt"/>
        <line num="7" count="2" type="stmt"/>
        <line num="9" count="2" type="stmt"/>
        <line num="12" count="56" type="cond" truecount="2" falsecount="0"/>
        <line num="18" count="56" type="stmt"/>
      </file>
      <file name="Tags.js" path="/Users/joe.fusco/Projects/Personal/react-tagging-input/src/component/js/Tags.js">
        <metrics statements="42" coveredstatements="42" conditionals="40" coveredconditionals="34" methods="7" coveredmethods="7"/>
        <line num="23" count="1" type="stmt"/>
        <line num="35" count="30" type="stmt"/>
        <line num="36" count="9" type="stmt"/>
        <line num="38" count="9" type="cond" truecount="2" falsecount="0"/>
        <line num="39" count="2" type="cond" truecount="2" falsecount="0"/>
        <line num="42" count="8" type="cond" truecount="1" falsecount="1"/>
        <line num="43" count="8" type="stmt"/>
        <line num="45" count="8" type="cond" truecount="2" falsecount="0"/>
        <line num="46" count="1" type="cond" truecount="1" falsecount="1"/>
        <line num="49" count="7" type="cond" truecount="1" falsecount="1"/>
        <line num="50" count="7" type="stmt"/>
        <line num="53" count="7" type="stmt"/>
        <line num="57" count="30" type="stmt"/>
        <line num="58" count="3" type="stmt"/>
        <line num="59" count="3" type="stmt"/>
        <line num="61" count="3" type="cond" truecount="1" falsecount="1"/>
        <line num="62" count="3" type="stmt"/>
        <line num="66" count="30" type="stmt"/>
        <line num="67" count="13" type="cond" truecount="2" falsecount="0"/>
        <line num="69" count="4" type="stmt"/>
        <line num="71" count="4" type="cond" truecount="4" falsecount="0"/>
        <line num="73" count="3" type="cond" truecount="2" falsecount="0"/>
        <line num="74" count="2" type="stmt"/>
        <line num="77" count="3" type="stmt"/>
        <line num="80" count="9" type="cond" truecount="1" falsecount="1"/>
        <line num="82" count="9" type="cond" truecount="1" falsecount="1"/>
        <line num="83" count="9" type="cond" truecount="2" falsecount="0"/>
        <line num="84" count="3" type="stmt"/>
        <line num="87" count="9" type="stmt"/>
        <line num="90" count="9" type="stmt"/>
        <line num="94" count="30" type="stmt"/>
        <line num="95" count="13" type="stmt"/>
        <line num="97" count="13" type="cond" truecount="2" falsecount="0"/>
        <line num="98" count="3" type="stmt"/>
        <line num="102" count="30" type="stmt"/>
        <line num="105" count="30" type="stmt"/>
        <line num="106" count="64" type="stmt"/>
        <line num="115" count="30" type="cond" truecount="2" falsecount="0"/>
        <line num="124" count="31" type="stmt"/>
        <line num="127" count="30" type="cond" truecount="2" falsecount="0"/>
        <line num="129" count="30" type="stmt"/>
        <line num="141" count="1" type="stmt"/>
      </file>
    </metrics>
  </project>
</coverage>
