<?xml version="1.0" encoding="UTF-8"?>
<coverage generated="1489944984350" clover="3.2.0">
  <project timestamp="1489944984351" name="All files">
    <metrics statements="51" coveredstatements="51" conditionals="36" coveredconditionals="31" methods="9" coveredmethods="9" elements="96" coveredelements="91" complexity="0" loc="51" ncloc="51" packages="1" files="2" classes="2">
      <file name="Tag.js" path="/Users/Rinzler/Projects/Personal/react-tagging-input/src/component/js/Tag.js">
        <metrics statements="7" coveredstatements="7" conditionals="4" coveredconditionals="4" methods="2" coveredmethods="2"/>
        <line num="5" count="2" type="stmt"/>
        <line num="6" count="56" type="stmt"/>
        <line num="7" count="2" type="stmt"/>
        <line num="9" count="2" type="stmt"/>
        <line num="12" count="56" type="stmt"/>
        <line num="18" count="56" type="stmt"/>
        <line num="28" count="2" type="stmt"/>
      </file>
      <file name="Tags.js" path="/Users/Rinzler/Projects/Personal/react-tagging-input/src/component/js/Tags.js">
        <metrics statements="44" coveredstatements="44" conditionals="32" coveredconditionals="27" methods="7" coveredmethods="7"/>
        <line num="8" count="1" type="stmt"/>
        <line num="9" count="30" type="stmt"/>
        <line num="11" count="30" type="stmt"/>
        <line num="12" count="9" type="stmt"/>
        <line num="14" count="9" type="stmt"/>
        <line num="15" count="2" type="stmt"/>
        <line num="18" count="8" type="stmt"/>
        <line num="20" count="8" type="stmt"/>
        <line num="21" count="1" type="stmt"/>
        <line num="24" count="7" type="stmt"/>
        <line num="25" count="7" type="stmt"/>
        <line num="28" count="7" type="stmt"/>
        <line num="31" count="30" type="stmt"/>
        <line num="32" count="3" type="stmt"/>
        <line num="33" count="3" type="stmt"/>
        <line num="35" count="3" type="stmt"/>
        <line num="36" count="3" type="stmt"/>
        <line num="40" count="30" type="stmt"/>
        <line num="41" count="13" type="stmt"/>
        <line num="43" count="13" type="stmt"/>
        <line num="45" count="4" type="stmt"/>
        <line num="47" count="3" type="stmt"/>
        <line num="48" count="2" type="stmt"/>
        <line num="51" count="3" type="stmt"/>
        <line num="54" count="9" type="stmt"/>
        <line num="56" count="9" type="stmt"/>
        <line num="57" count="9" type="stmt"/>
        <line num="58" count="3" type="stmt"/>
        <line num="61" count="9" type="stmt"/>
        <line num="64" count="9" type="stmt"/>
        <line num="68" count="30" type="stmt"/>
        <line num="69" count="13" type="stmt"/>
        <line num="71" count="13" type="stmt"/>
        <line num="72" count="3" type="stmt"/>
        <line num="76" count="30" type="stmt"/>
        <line num="79" count="30" type="stmt"/>
        <line num="80" count="64" type="stmt"/>
        <line num="89" count="30" type="stmt"/>
        <line num="98" count="31" type="stmt"/>
        <line num="101" count="30" type="stmt"/>
        <line num="103" count="30" type="stmt"/>
        <line num="115" count="1" type="stmt"/>
        <line num="125" count="1" type="stmt"/>
        <line num="144" count="1" type="stmt"/>
      </file>
    </metrics>
  </project>
</coverage>
