{"/Users/Rinzler/Projects/Personal/react-tagging-input/src/component/js/Tag.js": {"path":"/Users/Rinzler/Projects/Personal/react-tagging-input/src/component/js/Tag.js","statementMap":{"0":{"start":{"line":5,"column":12},"end":{"line":24,"column":1}},"1":{"start":{"line":6,"column":23},"end":{"line":10,"column":2}},"2":{"start":{"line":7,"column":2},"end":{"line":7,"column":21}},"3":{"start":{"line":9,"column":2},"end":{"line":9,"column":23}},"4":{"start":{"line":12,"column":20},"end":{"line":16,"column":9}},"5":{"start":{"line":18,"column":1},"end":{"line":23,"column":3}},"6":{"start":{"line":28,"column":0},"end":{"line":36,"column":2}}},"fnMap":{"0":{"name":"(anonymous_0)","decl":{"start":{"line":5,"column":12},"end":{"line":5,"column":13}},"loc":{"start":{"line":5,"column":21},"end":{"line":24,"column":1}}},"1":{"name":"(anonymous_1)","decl":{"start":{"line":6,"column":23},"end":{"line":6,"column":24}},"loc":{"start":{"line":6,"column":28},"end":{"line":10,"column":2}}}},"branchMap":{"0":{"loc":{"start":{"line":12,"column":20},"end":{"line":16,"column":9}},"type":"cond-expr","locations":[{"start":{"line":13,"column":2},"end":{"line":15,"column":6}},{"start":{"line":16,"column":5},"end":{"line":16,"column":9}}]},"1":{"loc":{"start":{"line":14,"column":4},"end":{"line":14,"column":50}},"type":"binary-expr","locations":[{"start":{"line":14,"column":4},"end":{"line":14,"column":23}},{"start":{"line":14,"column":26},"end":{"line":14,"column":50}}]}},"s":{"0":2,"1":56,"2":2,"3":2,"4":56,"5":56,"6":2},"f":{"0":56,"1":2},"b":{"0":[55,1],"1":[55,53]},"_coverageSchema":"332fd63041d2c1bcb487cc26dd0d5f7d97098a6c","hash":"7b3749a7910c9464bbb279034a797c877d29046d"}
,"/Users/Rinzler/Projects/Personal/react-tagging-input/src/component/js/Tags.js": {"path":"/Users/Rinzler/Projects/Personal/react-tagging-input/src/component/js/Tags.js","statementMap":{"0":{"start":{"line":8,"column":13},"end":{"line":112,"column":1}},"1":{"start":{"line":9,"column":13},"end":{"line":9,"column":17}},"2":{"start":{"line":11,"column":16},"end":{"line":29,"column":2}},"3":{"start":{"line":12,"column":49},"end":{"line":12,"column":54}},"4":{"start":{"line":14,"column":2},"end":{"line":16,"column":3}},"5":{"start":{"line":15,"column":3},"end":{"line":15,"column":38}},"6":{"start":{"line":15,"column":31},"end":{"line":15,"column":38}},"7":{"start":{"line":18,"column":16},"end":{"line":18,"column":34}},"8":{"start":{"line":20,"column":2},"end":{"line":22,"column":3}},"9":{"start":{"line":21,"column":3},"end":{"line":21,"column":40}},"10":{"start":{"line":21,"column":33},"end":{"line":21,"column":40}},"11":{"start":{"line":24,"column":2},"end":{"line":26,"column":3}},"12":{"start":{"line":25,"column":3},"end":{"line":25,"column":18}},"13":{"start":{"line":28,"column":2},"end":{"line":28,"column":19}},"14":{"start":{"line":31,"column":19},"end":{"line":38,"column":2}},"15":{"start":{"line":32,"column":24},"end":{"line":32,"column":29}},"16":{"start":{"line":33,"column":16},"end":{"line":33,"column":33}},"17":{"start":{"line":35,"column":2},"end":{"line":37,"column":3}},"18":{"start":{"line":36,"column":3},"end":{"line":36,"column":27}},"19":{"start":{"line":40,"column":20},"end":{"line":66,"column":2}},"20":{"start":{"line":41,"column":19},"end":{"line":41,"column":24}},"21":{"start":{"line":43,"column":2},"end":{"line":65,"column":3}},"22":{"start":{"line":45,"column":4},"end":{"line":45,"column":61}},"23":{"start":{"line":45,"column":54},"end":{"line":45,"column":61}},"24":{"start":{"line":47,"column":4},"end":{"line":49,"column":5}},"25":{"start":{"line":48,"column":5},"end":{"line":48,"column":32}},"26":{"start":{"line":51,"column":4},"end":{"line":51,"column":10}},"27":{"start":{"line":54,"column":4},"end":{"line":54,"column":35}},"28":{"start":{"line":54,"column":28},"end":{"line":54,"column":35}},"29":{"start":{"line":56,"column":4},"end":{"line":62,"column":5}},"30":{"start":{"line":57,"column":5},"end":{"line":59,"column":6}},"31":{"start":{"line":58,"column":6},"end":{"line":58,"column":25}},"32":{"start":{"line":61,"column":5},"end":{"line":61,"column":14}},"33":{"start":{"line":64,"column":4},"end":{"line":64,"column":10}},"34":{"start":{"line":68,"column":23},"end":{"line":74,"column":2}},"35":{"start":{"line":69,"column":16},"end":{"line":69,"column":37}},"36":{"start":{"line":71,"column":2},"end":{"line":73,"column":3}},"37":{"start":{"line":72,"column":3},"end":{"line":72,"column":30}},"38":{"start":{"line":76,"column":54},"end":{"line":76,"column":59}},"39":{"start":{"line":79,"column":18},"end":{"line":86,"column":3}},"40":{"start":{"line":80,"column":2},"end":{"line":85,"column":44}},"41":{"start":{"line":89,"column":18},"end":{"line":99,"column":9}},"42":{"start":{"line":98,"column":14},"end":{"line":98,"column":24}},"43":{"start":{"line":101,"column":20},"end":{"line":101,"column":111}},"44":{"start":{"line":103,"column":1},"end":{"line":111,"column":3}},"45":{"start":{"line":115,"column":0},"end":{"line":122,"column":2}},"46":{"start":{"line":125,"column":0},"end":{"line":141,"column":2}},"47":{"start":{"line":144,"column":0},"end":{"line":151,"column":2}}},"fnMap":{"0":{"name":"(anonymous_0)","decl":{"start":{"line":8,"column":13},"end":{"line":8,"column":14}},"loc":{"start":{"line":8,"column":22},"end":{"line":112,"column":1}}},"1":{"name":"(anonymous_1)","decl":{"start":{"line":11,"column":16},"end":{"line":11,"column":17}},"loc":{"start":{"line":11,"column":22},"end":{"line":29,"column":2}}},"2":{"name":"(anonymous_2)","decl":{"start":{"line":31,"column":19},"end":{"line":31,"column":20}},"loc":{"start":{"line":31,"column":28},"end":{"line":38,"column":2}}},"3":{"name":"(anonymous_3)","decl":{"start":{"line":40,"column":20},"end":{"line":40,"column":21}},"loc":{"start":{"line":40,"column":25},"end":{"line":66,"column":2}}},"4":{"name":"(anonymous_4)","decl":{"start":{"line":68,"column":23},"end":{"line":68,"column":24}},"loc":{"start":{"line":68,"column":28},"end":{"line":74,"column":2}}},"5":{"name":"(anonymous_5)","decl":{"start":{"line":79,"column":33},"end":{"line":79,"column":34}},"loc":{"start":{"line":79,"column":45},"end":{"line":86,"column":2}}},"6":{"name":"(anonymous_6)","decl":{"start":{"line":98,"column":8},"end":{"line":98,"column":9}},"loc":{"start":{"line":98,"column":14},"end":{"line":98,"column":24}}}},"branchMap":{"0":{"loc":{"start":{"line":14,"column":2},"end":{"line":16,"column":3}},"type":"if","locations":[{"start":{"line":14,"column":2},"end":{"line":16,"column":3}},{"start":{"line":14,"column":2},"end":{"line":16,"column":3}}]},"1":{"loc":{"start":{"line":15,"column":3},"end":{"line":15,"column":38}},"type":"if","locations":[{"start":{"line":15,"column":3},"end":{"line":15,"column":38}},{"start":{"line":15,"column":3},"end":{"line":15,"column":38}}]},"2":{"loc":{"start":{"line":20,"column":2},"end":{"line":22,"column":3}},"type":"if","locations":[{"start":{"line":20,"column":2},"end":{"line":22,"column":3}},{"start":{"line":20,"column":2},"end":{"line":22,"column":3}}]},"3":{"loc":{"start":{"line":21,"column":3},"end":{"line":21,"column":40}},"type":"if","locations":[{"start":{"line":21,"column":3},"end":{"line":21,"column":40}},{"start":{"line":21,"column":3},"end":{"line":21,"column":40}}]},"4":{"loc":{"start":{"line":24,"column":2},"end":{"line":26,"column":3}},"type":"if","locations":[{"start":{"line":24,"column":2},"end":{"line":26,"column":3}},{"start":{"line":24,"column":2},"end":{"line":26,"column":3}}]},"5":{"loc":{"start":{"line":35,"column":2},"end":{"line":37,"column":3}},"type":"if","locations":[{"start":{"line":35,"column":2},"end":{"line":37,"column":3}},{"start":{"line":35,"column":2},"end":{"line":37,"column":3}}]},"6":{"loc":{"start":{"line":43,"column":2},"end":{"line":65,"column":3}},"type":"switch","locations":[{"start":{"line":44,"column":3},"end":{"line":51,"column":10}},{"start":{"line":53,"column":3},"end":{"line":64,"column":10}}]},"7":{"loc":{"start":{"line":45,"column":4},"end":{"line":45,"column":61}},"type":"if","locations":[{"start":{"line":45,"column":4},"end":{"line":45,"column":61}},{"start":{"line":45,"column":4},"end":{"line":45,"column":61}}]},"8":{"loc":{"start":{"line":45,"column":8},"end":{"line":45,"column":52}},"type":"binary-expr","locations":[{"start":{"line":45,"column":8},"end":{"line":45,"column":25}},{"start":{"line":45,"column":29},"end":{"line":45,"column":52}}]},"9":{"loc":{"start":{"line":47,"column":4},"end":{"line":49,"column":5}},"type":"if","locations":[{"start":{"line":47,"column":4},"end":{"line":49,"column":5}},{"start":{"line":47,"column":4},"end":{"line":49,"column":5}}]},"10":{"loc":{"start":{"line":54,"column":4},"end":{"line":54,"column":35}},"type":"if","locations":[{"start":{"line":54,"column":4},"end":{"line":54,"column":35}},{"start":{"line":54,"column":4},"end":{"line":54,"column":35}}]},"11":{"loc":{"start":{"line":56,"column":4},"end":{"line":62,"column":5}},"type":"if","locations":[{"start":{"line":56,"column":4},"end":{"line":62,"column":5}},{"start":{"line":56,"column":4},"end":{"line":62,"column":5}}]},"12":{"loc":{"start":{"line":57,"column":5},"end":{"line":59,"column":6}},"type":"if","locations":[{"start":{"line":57,"column":5},"end":{"line":59,"column":6}},{"start":{"line":57,"column":5},"end":{"line":59,"column":6}}]},"13":{"loc":{"start":{"line":71,"column":2},"end":{"line":73,"column":3}},"type":"if","locations":[{"start":{"line":71,"column":2},"end":{"line":73,"column":3}},{"start":{"line":71,"column":2},"end":{"line":73,"column":3}}]},"14":{"loc":{"start":{"line":89,"column":18},"end":{"line":99,"column":9}},"type":"cond-expr","locations":[{"start":{"line":90,"column":2},"end":{"line":98,"column":28}},{"start":{"line":99,"column":5},"end":{"line":99,"column":9}}]},"15":{"loc":{"start":{"line":101,"column":20},"end":{"line":101,"column":111}},"type":"cond-expr","locations":[{"start":{"line":101,"column":31},"end":{"line":101,"column":85}},{"start":{"line":101,"column":88},"end":{"line":101,"column":111}}]}},"s":{"0":1,"1":30,"2":30,"3":9,"4":9,"5":2,"6":1,"7":8,"8":8,"9":1,"10":1,"11":7,"12":7,"13":7,"14":30,"15":3,"16":3,"17":3,"18":3,"19":30,"20":13,"21":13,"22":4,"23":1,"24":3,"25":2,"26":3,"27":9,"28":0,"29":9,"30":9,"31":3,"32":9,"33":9,"34":30,"35":13,"36":13,"37":3,"38":30,"39":30,"40":64,"41":30,"42":31,"43":30,"44":30,"45":1,"46":1,"47":1},"f":{"0":30,"1":9,"2":3,"3":13,"4":13,"5":64,"6":31},"b":{"0":[2,7],"1":[1,1],"2":[1,7],"3":[1,0],"4":[7,0],"5":[3,0],"6":[4,9],"7":[1,3],"8":[4,4],"9":[2,1],"10":[0,9],"11":[9,0],"12":[3,6],"13":[3,10],"14":[28,2],"15":[2,28]},"_coverageSchema":"332fd63041d2c1bcb487cc26dd0d5f7d97098a6c","hash":"d0c93fe970f7540d48799b268ce190fcfd30840d"}
}
