TN:
SF:/Users/Rinzler/Projects/Personal/react-tagging-input/src/component/js/Tag.js
FN:5,(anonymous_0)
FN:6,(anonymous_1)
FNF:2
FNH:2
FNDA:56,(anonymous_0)
FNDA:2,(anonymous_1)
DA:5,2
DA:6,56
DA:7,2
DA:9,2
DA:12,56
DA:18,56
DA:28,2
LF:7
LH:7
BRDA:12,0,0,55
BRDA:12,0,1,1
BRDA:14,1,0,55
BRDA:14,1,1,53
BRF:4
BRH:4
end_of_record
TN:
SF:/Users/Rinzler/Projects/Personal/react-tagging-input/src/component/js/Tags.js
FN:8,(anonymous_0)
FN:11,(anonymous_1)
FN:31,(anonymous_2)
FN:40,(anonymous_3)
FN:68,(anonymous_4)
FN:79,(anonymous_5)
FN:98,(anonymous_6)
FNF:7
FNH:7
FNDA:30,(anonymous_0)
FNDA:9,(anonymous_1)
FNDA:3,(anonymous_2)
FNDA:13,(anonymous_3)
FNDA:13,(anonymous_4)
FNDA:64,(anonymous_5)
FNDA:31,(anonymous_6)
DA:8,1
DA:9,30
DA:11,30
DA:12,9
DA:14,9
DA:15,2
DA:18,8
DA:20,8
DA:21,1
DA:24,7
DA:25,7
DA:28,7
DA:31,30
DA:32,3
DA:33,3
DA:35,3
DA:36,3
DA:40,30
DA:41,13
DA:43,13
DA:45,4
DA:47,3
DA:48,2
DA:51,3
DA:54,9
DA:56,9
DA:57,9
DA:58,3
DA:61,9
DA:64,9
DA:68,30
DA:69,13
DA:71,13
DA:72,3
DA:76,30
DA:79,30
DA:80,64
DA:89,30
DA:98,31
DA:101,30
DA:103,30
DA:115,1
DA:125,1
DA:144,1
LF:44
LH:44
BRDA:14,0,0,2
BRDA:14,0,1,7
BRDA:15,1,0,1
BRDA:15,1,1,1
BRDA:20,2,0,1
BRDA:20,2,1,7
BRDA:21,3,0,1
BRDA:21,3,1,0
BRDA:24,4,0,7
BRDA:24,4,1,0
BRDA:35,5,0,3
BRDA:35,5,1,0
BRDA:43,6,0,4
BRDA:43,6,1,9
BRDA:45,7,0,1
BRDA:45,7,1,3
BRDA:45,8,0,4
BRDA:45,8,1,4
BRDA:47,9,0,2
BRDA:47,9,1,1
BRDA:54,10,0,0
BRDA:54,10,1,9
BRDA:56,11,0,9
BRDA:56,11,1,0
BRDA:57,12,0,3
BRDA:57,12,1,6
BRDA:71,13,0,3
BRDA:71,13,1,10
BRDA:89,14,0,28
BRDA:89,14,1,2
BRDA:101,15,0,2
BRDA:101,15,1,28
BRF:32
BRH:27
end_of_record
